{"D:\\SCHOOL - Copy\\BACK-END-BOOTCAMP\\FINAL_PROJECT\\Afaazi-Server\\server.js": {"path":"D:\\SCHOOL - Copy\\BACK-END-BOOTCAMP\\FINAL_PROJECT\\Afaazi-Server\\server.js","statementMap":{"0":{"start":{"line":1,"column":16},"end":{"line":1,"column":34}},"1":{"start":{"line":2,"column":11},"end":{"line":2,"column":24}},"2":{"start":{"line":3,"column":15},"end":{"line":3,"column":32}},"3":{"start":{"line":4,"column":13},"end":{"line":4,"column":28}},"4":{"start":{"line":5,"column":11},"end":{"line":5,"column":26}},"5":{"start":{"line":6,"column":25},"end":{"line":6,"column":57}},"6":{"start":{"line":7,"column":25},"end":{"line":7,"column":57}},"7":{"start":{"line":8,"column":26},"end":{"line":8,"column":59}},"8":{"start":{"line":9,"column":26},"end":{"line":9,"column":59}},"9":{"start":{"line":11,"column":12},"end":{"line":11,"column":21}},"10":{"start":{"line":14,"column":0},"end":{"line":14,"column":24}},"11":{"start":{"line":15,"column":0},"end":{"line":15,"column":16}},"12":{"start":{"line":18,"column":24},"end":{"line":21,"column":1}},"13":{"start":{"line":24,"column":0},"end":{"line":24,"column":57}},"14":{"start":{"line":27,"column":0},"end":{"line":27,"column":34}},"15":{"start":{"line":28,"column":0},"end":{"line":28,"column":34}},"16":{"start":{"line":29,"column":0},"end":{"line":29,"column":38}},"17":{"start":{"line":30,"column":0},"end":{"line":30,"column":36}},"18":{"start":{"line":32,"column":0},"end":{"line":34,"column":3}},"19":{"start":{"line":33,"column":2},"end":{"line":33,"column":64}},"20":{"start":{"line":36,"column":0},"end":{"line":36,"column":21}}},"fnMap":{"0":{"name":"(anonymous_0)","decl":{"start":{"line":32,"column":13},"end":{"line":32,"column":14}},"loc":{"start":{"line":32,"column":27},"end":{"line":34,"column":1}},"line":32}},"branchMap":{},"s":{"0":1,"1":1,"2":1,"3":1,"4":1,"5":1,"6":1,"7":1,"8":1,"9":1,"10":1,"11":1,"12":1,"13":1,"14":1,"15":1,"16":1,"17":1,"18":1,"19":0,"20":1},"f":{"0":0},"b":{},"_coverageSchema":"1a1c01bbd47fc00a2c39e90264f33305004495a9","hash":"2e1582a34849e51edbeb4a60ff633cd3db162cb0"}
,"D:\\SCHOOL - Copy\\BACK-END-BOOTCAMP\\FINAL_PROJECT\\Afaazi-Server\\Utils\\dateUtils.js": {"path":"D:\\SCHOOL - Copy\\BACK-END-BOOTCAMP\\FINAL_PROJECT\\Afaazi-Server\\Utils\\dateUtils.js","statementMap":{"0":{"start":{"line":1,"column":23},"end":{"line":3,"column":1}},"1":{"start":{"line":2,"column":4},"end":{"line":2,"column":46}},"2":{"start":{"line":4,"column":0},"end":{"line":4,"column":33}}},"fnMap":{"0":{"name":"(anonymous_0)","decl":{"start":{"line":1,"column":23},"end":{"line":1,"column":24}},"loc":{"start":{"line":1,"column":38},"end":{"line":3,"column":1}},"line":1}},"branchMap":{},"s":{"0":1,"1":0,"2":1},"f":{"0":0},"b":{},"_coverageSchema":"1a1c01bbd47fc00a2c39e90264f33305004495a9","hash":"8ad3111516b75559e08782d36f394a6518211e94"}
,"D:\\SCHOOL - Copy\\BACK-END-BOOTCAMP\\FINAL_PROJECT\\Afaazi-Server\\Utils\\joi-schemas": {"path":"D:\\SCHOOL - Copy\\BACK-END-BOOTCAMP\\FINAL_PROJECT\\Afaazi-Server\\Utils\\joi-schemas","statementMap":{"0":{"start":{"line":1,"column":11},"end":{"line":1,"column":25}},"1":{"start":{"line":3,"column":19},"end":{"line":10,"column":2}},"2":{"start":{"line":12,"column":19},"end":{"line":23,"column":2}},"3":{"start":{"line":24,"column":21},"end":{"line":29,"column":2}},"4":{"start":{"line":30,"column":20},"end":{"line":44,"column":2}},"5":{"start":{"line":49,"column":0},"end":{"line":54,"column":1}}},"fnMap":{},"branchMap":{},"s":{"0":1,"1":1,"2":1,"3":1,"4":1,"5":1},"f":{},"b":{},"inputSourceMap":null,"_coverageSchema":"1a1c01bbd47fc00a2c39e90264f33305004495a9","hash":"3e1a36650292533f494d8b85028ca90dc65ff1d1"}
,"D:\\SCHOOL - Copy\\BACK-END-BOOTCAMP\\FINAL_PROJECT\\Afaazi-Server\\Utils\\joi-validator.js": {"path":"D:\\SCHOOL - Copy\\BACK-END-BOOTCAMP\\FINAL_PROJECT\\Afaazi-Server\\Utils\\joi-validator.js","statementMap":{"0":{"start":{"line":1,"column":21},"end":{"line":12,"column":1}},"1":{"start":{"line":2,"column":4},"end":{"line":11,"column":5}},"2":{"start":{"line":3,"column":30},"end":{"line":3,"column":55}},"3":{"start":{"line":4,"column":8},"end":{"line":10,"column":9}},"4":{"start":{"line":5,"column":12},"end":{"line":5,"column":66}},"5":{"start":{"line":9,"column":12},"end":{"line":9,"column":18}},"6":{"start":{"line":17,"column":0},"end":{"line":20,"column":1}}},"fnMap":{"0":{"name":"(anonymous_0)","decl":{"start":{"line":1,"column":21},"end":{"line":1,"column":22}},"loc":{"start":{"line":1,"column":31},"end":{"line":12,"column":1}},"line":1},"1":{"name":"(anonymous_1)","decl":{"start":{"line":2,"column":11},"end":{"line":2,"column":12}},"loc":{"start":{"line":2,"column":33},"end":{"line":11,"column":5}},"line":2}},"branchMap":{"0":{"loc":{"start":{"line":4,"column":8},"end":{"line":10,"column":9}},"type":"if","locations":[{"start":{"line":4,"column":8},"end":{"line":10,"column":9}},{"start":{"line":8,"column":12},"end":{"line":10,"column":9}}],"line":4}},"s":{"0":1,"1":6,"2":2,"3":2,"4":1,"5":1,"6":1},"f":{"0":6,"1":2},"b":{"0":[1,1]},"_coverageSchema":"1a1c01bbd47fc00a2c39e90264f33305004495a9","hash":"ea624558c0c189bd4b534196de8bde9f3d0b0360"}
,"D:\\SCHOOL - Copy\\BACK-END-BOOTCAMP\\FINAL_PROJECT\\Afaazi-Server\\Utils\\slugUtils.js": {"path":"D:\\SCHOOL - Copy\\BACK-END-BOOTCAMP\\FINAL_PROJECT\\Afaazi-Server\\Utils\\slugUtils.js","statementMap":{"0":{"start":{"line":1,"column":20},"end":{"line":11,"column":1}},"1":{"start":{"line":2,"column":4},"end":{"line":10,"column":24}},"2":{"start":{"line":12,"column":0},"end":{"line":12,"column":29}}},"fnMap":{"0":{"name":"(anonymous_0)","decl":{"start":{"line":1,"column":20},"end":{"line":1,"column":21}},"loc":{"start":{"line":1,"column":29},"end":{"line":11,"column":1}},"line":1}},"branchMap":{},"s":{"0":1,"1":0,"2":1},"f":{"0":0},"b":{},"_coverageSchema":"1a1c01bbd47fc00a2c39e90264f33305004495a9","hash":"619b4ae36d39af1098488a4e267a2277fb011bb4"}
,"D:\\SCHOOL - Copy\\BACK-END-BOOTCAMP\\FINAL_PROJECT\\Afaazi-Server\\Utils\\validateToken.js": {"path":"D:\\SCHOOL - Copy\\BACK-END-BOOTCAMP\\FINAL_PROJECT\\Afaazi-Server\\Utils\\validateToken.js","statementMap":{"0":{"start":{"line":1,"column":24},"end":{"line":1,"column":52}},"1":{"start":{"line":2,"column":12},"end":{"line":2,"column":35}},"2":{"start":{"line":3,"column":0},"end":{"line":3,"column":25}},"3":{"start":{"line":5,"column":21},"end":{"line":28,"column":1}},"4":{"start":{"line":7,"column":22},"end":{"line":7,"column":47}},"5":{"start":{"line":9,"column":4},"end":{"line":27,"column":5}},"6":{"start":{"line":10,"column":20},"end":{"line":10,"column":44}},"7":{"start":{"line":11,"column":8},"end":{"line":22,"column":9}},"8":{"start":{"line":12,"column":12},"end":{"line":19,"column":13}},"9":{"start":{"line":13,"column":16},"end":{"line":13,"column":106}},"10":{"start":{"line":17,"column":16},"end":{"line":17,"column":41}},"11":{"start":{"line":18,"column":12},"end":{"line":18,"column":19}},"12":{"start":{"line":26,"column":8},"end":{"line":26,"column":94}},"13":{"start":{"line":34,"column":0},"end":{"line":34,"column":31}}},"fnMap":{"0":{"name":"(anonymous_0)","decl":{"start":{"line":5,"column":21},"end":{"line":5,"column":22}},"loc":{"start":{"line":5,"column":37},"end":{"line":28,"column":1}},"line":5},"1":{"name":"(anonymous_1)","decl":{"start":{"line":11,"column":48},"end":{"line":11,"column":49}},"loc":{"start":{"line":11,"column":62},"end":{"line":21,"column":9}},"line":11}},"branchMap":{"0":{"loc":{"start":{"line":9,"column":4},"end":{"line":27,"column":5}},"type":"if","locations":[{"start":{"line":9,"column":4},"end":{"line":27,"column":5}},{"start":{"line":25,"column":8},"end":{"line":27,"column":5}}],"line":9},"1":{"loc":{"start":{"line":12,"column":12},"end":{"line":19,"column":13}},"type":"if","locations":[{"start":{"line":12,"column":12},"end":{"line":19,"column":13}},{"start":{"line":16,"column":16},"end":{"line":19,"column":13}}],"line":12}},"s":{"0":1,"1":1,"2":1,"3":1,"4":1,"5":1,"6":1,"7":1,"8":1,"9":1,"10":0,"11":0,"12":0,"13":1},"f":{"0":1,"1":1},"b":{"0":[1,0],"1":[1,0]},"_coverageSchema":"1a1c01bbd47fc00a2c39e90264f33305004495a9","hash":"ddb550ca1672043471a2091dba1bb73514c5f0e3"}
,"D:\\SCHOOL - Copy\\BACK-END-BOOTCAMP\\FINAL_PROJECT\\Afaazi-Server\\controllers\\bookingcontroller.js": {"path":"D:\\SCHOOL - Copy\\BACK-END-BOOTCAMP\\FINAL_PROJECT\\Afaazi-Server\\controllers\\bookingcontroller.js","statementMap":{"0":{"start":{"line":1,"column":25},"end":{"line":1,"column":50}},"1":{"start":{"line":2,"column":15},"end":{"line":2,"column":33}},"2":{"start":{"line":3,"column":24},"end":{"line":3,"column":52}},"3":{"start":{"line":4,"column":23},"end":{"line":4,"column":52}},"4":{"start":{"line":5,"column":21},"end":{"line":5,"column":50}},"5":{"start":{"line":9,"column":20},"end":{"line":28,"column":3}},"6":{"start":{"line":10,"column":4},"end":{"line":27,"column":5}},"7":{"start":{"line":11,"column":21},"end":{"line":21,"column":8}},"8":{"start":{"line":22,"column":6},"end":{"line":22,"column":25}},"9":{"start":{"line":24,"column":6},"end":{"line":26,"column":40}},"10":{"start":{"line":30,"column":32},"end":{"line":61,"column":3}},"11":{"start":{"line":31,"column":4},"end":{"line":31,"column":71}},"12":{"start":{"line":32,"column":4},"end":{"line":60,"column":3}},"13":{"start":{"line":33,"column":23},"end":{"line":33,"column":52}},"14":{"start":{"line":35,"column":23},"end":{"line":39,"column":8}},"15":{"start":{"line":41,"column":21},"end":{"line":48,"column":6}},"16":{"start":{"line":50,"column":6},"end":{"line":50,"column":124}},"17":{"start":{"line":55,"column":4},"end":{"line":58,"column":40}},"18":{"start":{"line":69,"column":28},"end":{"line":88,"column":3}},"19":{"start":{"line":70,"column":4},"end":{"line":87,"column":3}},"20":{"start":{"line":71,"column":18},"end":{"line":71,"column":33}},"21":{"start":{"line":72,"column":23},"end":{"line":76,"column":6}},"22":{"start":{"line":79,"column":6},"end":{"line":79,"column":95}},"23":{"start":{"line":83,"column":4},"end":{"line":85,"column":21}},"24":{"start":{"line":94,"column":23},"end":{"line":124,"column":3}},"25":{"start":{"line":95,"column":6},"end":{"line":122,"column":7}},"26":{"start":{"line":96,"column":25},"end":{"line":96,"column":37}},"27":{"start":{"line":97,"column":124},"end":{"line":97,"column":132}},"28":{"start":{"line":99,"column":29},"end":{"line":99,"column":55}},"29":{"start":{"line":100,"column":9},"end":{"line":102,"column":5}},"30":{"start":{"line":101,"column":6},"end":{"line":101,"column":77}},"31":{"start":{"line":103,"column":21},"end":{"line":103,"column":43}},"32":{"start":{"line":105,"column":27},"end":{"line":112,"column":10}},"33":{"start":{"line":115,"column":8},"end":{"line":115,"column":99}},"34":{"start":{"line":119,"column":8},"end":{"line":119,"column":26}},"35":{"start":{"line":120,"column":0},"end":{"line":120,"column":106}},"36":{"start":{"line":126,"column":29},"end":{"line":143,"column":3}},"37":{"start":{"line":127,"column":4},"end":{"line":142,"column":5}},"38":{"start":{"line":128,"column":29},"end":{"line":133,"column":8}},"39":{"start":{"line":134,"column":6},"end":{"line":136,"column":7}},"40":{"start":{"line":135,"column":8},"end":{"line":135,"column":68}},"41":{"start":{"line":137,"column":6},"end":{"line":137,"column":89}},"42":{"start":{"line":139,"column":6},"end":{"line":141,"column":40}},"43":{"start":{"line":145,"column":29},"end":{"line":170,"column":3}},"44":{"start":{"line":146,"column":4},"end":{"line":169,"column":5}},"45":{"start":{"line":147,"column":29},"end":{"line":151,"column":8}},"46":{"start":{"line":153,"column":2},"end":{"line":161,"column":3}},"47":{"start":{"line":154,"column":5},"end":{"line":156,"column":62}},"48":{"start":{"line":160,"column":4},"end":{"line":160,"column":73}},"49":{"start":{"line":166,"column":6},"end":{"line":168,"column":40}},"50":{"start":{"line":176,"column":2},"end":{"line":183,"column":1}}},"fnMap":{"0":{"name":"(anonymous_0)","decl":{"start":{"line":9,"column":20},"end":{"line":9,"column":21}},"loc":{"start":{"line":9,"column":40},"end":{"line":28,"column":3}},"line":9},"1":{"name":"(anonymous_1)","decl":{"start":{"line":30,"column":32},"end":{"line":30,"column":33}},"loc":{"start":{"line":30,"column":52},"end":{"line":61,"column":3}},"line":30},"2":{"name":"(anonymous_2)","decl":{"start":{"line":69,"column":28},"end":{"line":69,"column":29}},"loc":{"start":{"line":69,"column":48},"end":{"line":88,"column":3}},"line":69},"3":{"name":"(anonymous_3)","decl":{"start":{"line":94,"column":23},"end":{"line":94,"column":24}},"loc":{"start":{"line":94,"column":40},"end":{"line":124,"column":3}},"line":94},"4":{"name":"(anonymous_4)","decl":{"start":{"line":126,"column":29},"end":{"line":126,"column":30}},"loc":{"start":{"line":126,"column":49},"end":{"line":143,"column":3}},"line":126},"5":{"name":"(anonymous_5)","decl":{"start":{"line":145,"column":29},"end":{"line":145,"column":30}},"loc":{"start":{"line":145,"column":49},"end":{"line":170,"column":3}},"line":145}},"branchMap":{"0":{"loc":{"start":{"line":58,"column":15},"end":{"line":58,"column":37}},"type":"binary-expr","locations":[{"start":{"line":58,"column":15},"end":{"line":58,"column":28}},{"start":{"line":58,"column":32},"end":{"line":58,"column":37}}],"line":58},"1":{"loc":{"start":{"line":100,"column":9},"end":{"line":102,"column":5}},"type":"if","locations":[{"start":{"line":100,"column":9},"end":{"line":102,"column":5}},{"start":{},"end":{}}],"line":100},"2":{"loc":{"start":{"line":134,"column":6},"end":{"line":136,"column":7}},"type":"if","locations":[{"start":{"line":134,"column":6},"end":{"line":136,"column":7}},{"start":{},"end":{}}],"line":134},"3":{"loc":{"start":{"line":153,"column":2},"end":{"line":161,"column":3}},"type":"if","locations":[{"start":{"line":153,"column":2},"end":{"line":161,"column":3}},{"start":{"line":159,"column":6},"end":{"line":161,"column":3}}],"line":153}},"s":{"0":1,"1":1,"2":1,"3":1,"4":1,"5":1,"6":1,"7":1,"8":1,"9":0,"10":1,"11":0,"12":0,"13":0,"14":0,"15":0,"16":0,"17":0,"18":1,"19":0,"20":0,"21":0,"22":0,"23":0,"24":1,"25":0,"26":0,"27":0,"28":0,"29":0,"30":0,"31":0,"32":0,"33":0,"34":0,"35":0,"36":1,"37":0,"38":0,"39":0,"40":0,"41":0,"42":0,"43":1,"44":0,"45":0,"46":0,"47":0,"48":0,"49":0,"50":1},"f":{"0":1,"1":0,"2":0,"3":0,"4":0,"5":0},"b":{"0":[0,0],"1":[0,0],"2":[0,0],"3":[0,0]},"_coverageSchema":"1a1c01bbd47fc00a2c39e90264f33305004495a9","hash":"aa9656670190fb01a6a8862302a193c3040ae5f5"}
,"D:\\SCHOOL - Copy\\BACK-END-BOOTCAMP\\FINAL_PROJECT\\Afaazi-Server\\controllers\\categorycontroller.js": {"path":"D:\\SCHOOL - Copy\\BACK-END-BOOTCAMP\\FINAL_PROJECT\\Afaazi-Server\\controllers\\categorycontroller.js","statementMap":{"0":{"start":{"line":1,"column":25},"end":{"line":1,"column":50}},"1":{"start":{"line":2,"column":15},"end":{"line":2,"column":33}},"2":{"start":{"line":3,"column":24},"end":{"line":3,"column":52}},"3":{"start":{"line":8,"column":22},"end":{"line":23,"column":1}},"4":{"start":{"line":9,"column":2},"end":{"line":22,"column":3}},"5":{"start":{"line":10,"column":21},"end":{"line":16,"column":6}},"6":{"start":{"line":17,"column":4},"end":{"line":17,"column":25}},"7":{"start":{"line":19,"column":4},"end":{"line":21,"column":38}},"8":{"start":{"line":26,"column":23},"end":{"line":58,"column":1}},"9":{"start":{"line":27,"column":2},"end":{"line":57,"column":3}},"10":{"start":{"line":28,"column":28},"end":{"line":28,"column":36}},"11":{"start":{"line":29,"column":20},"end":{"line":34,"column":6}},"12":{"start":{"line":35,"column":4},"end":{"line":38,"column":11}},"13":{"start":{"line":36,"column":8},"end":{"line":38,"column":10}},"14":{"start":{"line":41,"column":24},"end":{"line":47,"column":6}},"15":{"start":{"line":49,"column":4},"end":{"line":51,"column":75}},"16":{"start":{"line":53,"column":4},"end":{"line":53,"column":23}},"17":{"start":{"line":54,"column":4},"end":{"line":56,"column":68}},"18":{"start":{"line":61,"column":27},"end":{"line":78,"column":1}},"19":{"start":{"line":62,"column":2},"end":{"line":77,"column":3}},"20":{"start":{"line":63,"column":28},"end":{"line":68,"column":6}},"21":{"start":{"line":69,"column":4},"end":{"line":71,"column":5}},"22":{"start":{"line":70,"column":6},"end":{"line":70,"column":67}},"23":{"start":{"line":72,"column":4},"end":{"line":72,"column":89}},"24":{"start":{"line":74,"column":4},"end":{"line":76,"column":38}},"25":{"start":{"line":81,"column":27},"end":{"line":106,"column":1}},"26":{"start":{"line":82,"column":2},"end":{"line":105,"column":3}},"27":{"start":{"line":83,"column":28},"end":{"line":87,"column":6}},"28":{"start":{"line":89,"column":0},"end":{"line":97,"column":1}},"29":{"start":{"line":90,"column":3},"end":{"line":92,"column":62}},"30":{"start":{"line":96,"column":2},"end":{"line":96,"column":72}},"31":{"start":{"line":102,"column":4},"end":{"line":104,"column":38}},"32":{"start":{"line":110,"column":0},"end":{"line":117,"column":2}}},"fnMap":{"0":{"name":"(anonymous_0)","decl":{"start":{"line":8,"column":22},"end":{"line":8,"column":23}},"loc":{"start":{"line":8,"column":42},"end":{"line":23,"column":1}},"line":8},"1":{"name":"(anonymous_1)","decl":{"start":{"line":26,"column":23},"end":{"line":26,"column":24}},"loc":{"start":{"line":26,"column":43},"end":{"line":58,"column":1}},"line":26},"2":{"name":"(anonymous_2)","decl":{"start":{"line":61,"column":27},"end":{"line":61,"column":28}},"loc":{"start":{"line":61,"column":47},"end":{"line":78,"column":1}},"line":61},"3":{"name":"(anonymous_3)","decl":{"start":{"line":81,"column":27},"end":{"line":81,"column":28}},"loc":{"start":{"line":81,"column":47},"end":{"line":106,"column":1}},"line":81}},"branchMap":{"0":{"loc":{"start":{"line":35,"column":4},"end":{"line":38,"column":11}},"type":"if","locations":[{"start":{"line":35,"column":4},"end":{"line":38,"column":11}},{"start":{},"end":{}}],"line":35},"1":{"loc":{"start":{"line":69,"column":4},"end":{"line":71,"column":5}},"type":"if","locations":[{"start":{"line":69,"column":4},"end":{"line":71,"column":5}},{"start":{},"end":{}}],"line":69},"2":{"loc":{"start":{"line":89,"column":0},"end":{"line":97,"column":1}},"type":"if","locations":[{"start":{"line":89,"column":0},"end":{"line":97,"column":1}},{"start":{"line":95,"column":4},"end":{"line":97,"column":1}}],"line":89}},"s":{"0":1,"1":1,"2":1,"3":1,"4":1,"5":1,"6":1,"7":0,"8":1,"9":0,"10":0,"11":0,"12":0,"13":0,"14":0,"15":0,"16":0,"17":0,"18":1,"19":0,"20":0,"21":0,"22":0,"23":0,"24":0,"25":1,"26":0,"27":0,"28":0,"29":0,"30":0,"31":0,"32":1},"f":{"0":1,"1":0,"2":0,"3":0},"b":{"0":[0,0],"1":[0,0],"2":[0,0]},"_coverageSchema":"1a1c01bbd47fc00a2c39e90264f33305004495a9","hash":"e23cefc4880e6d55d224e688fb755692402501ac"}
,"D:\\SCHOOL - Copy\\BACK-END-BOOTCAMP\\FINAL_PROJECT\\Afaazi-Server\\controllers\\couplecontroller.js": {"path":"D:\\SCHOOL - Copy\\BACK-END-BOOTCAMP\\FINAL_PROJECT\\Afaazi-Server\\controllers\\couplecontroller.js","statementMap":{"0":{"start":{"line":1,"column":25},"end":{"line":1,"column":50}},"1":{"start":{"line":2,"column":15},"end":{"line":2,"column":33}},"2":{"start":{"line":3,"column":24},"end":{"line":3,"column":52}},"3":{"start":{"line":4,"column":11},"end":{"line":4,"column":34}},"4":{"start":{"line":5,"column":0},"end":{"line":5,"column":25}},"5":{"start":{"line":6,"column":14},"end":{"line":6,"column":31}},"6":{"start":{"line":9,"column":19},"end":{"line":18,"column":3}},"7":{"start":{"line":10,"column":4},"end":{"line":17,"column":5}},"8":{"start":{"line":11,"column":20},"end":{"line":11,"column":50}},"9":{"start":{"line":12,"column":6},"end":{"line":12,"column":24}},"10":{"start":{"line":14,"column":6},"end":{"line":16,"column":40}},"11":{"start":{"line":21,"column":18},"end":{"line":47,"column":3}},"12":{"start":{"line":22,"column":6},"end":{"line":45,"column":7}},"13":{"start":{"line":23,"column":59},"end":{"line":23,"column":67}},"14":{"start":{"line":24,"column":31},"end":{"line":24,"column":61}},"15":{"start":{"line":26,"column":26},"end":{"line":36,"column":10}},"16":{"start":{"line":38,"column":8},"end":{"line":38,"column":107}},"17":{"start":{"line":42,"column":8},"end":{"line":42,"column":26}},"18":{"start":{"line":43,"column":0},"end":{"line":43,"column":115}},"19":{"start":{"line":52,"column":14},"end":{"line":97,"column":1}},"20":{"start":{"line":53,"column":2},"end":{"line":95,"column":3}},"21":{"start":{"line":54,"column":30},"end":{"line":54,"column":38}},"22":{"start":{"line":55,"column":16},"end":{"line":59,"column":6}},"23":{"start":{"line":60,"column":4},"end":{"line":85,"column":5}},"24":{"start":{"line":61,"column":27},"end":{"line":61,"column":73}},"25":{"start":{"line":62,"column":6},"end":{"line":78,"column":7}},"26":{"start":{"line":64,"column":28},"end":{"line":69,"column":9}},"27":{"start":{"line":71,"column":20},"end":{"line":71,"column":30}},"28":{"start":{"line":72,"column":8},"end":{"line":72,"column":88}},"29":{"start":{"line":73,"column":8},"end":{"line":73,"column":117}},"30":{"start":{"line":77,"column":8},"end":{"line":77,"column":85}},"31":{"start":{"line":84,"column":6},"end":{"line":84,"column":94}},"32":{"start":{"line":90,"column":4},"end":{"line":92,"column":35}},"33":{"start":{"line":100,"column":2},"end":{"line":104,"column":1}}},"fnMap":{"0":{"name":"(anonymous_0)","decl":{"start":{"line":9,"column":19},"end":{"line":9,"column":20}},"loc":{"start":{"line":9,"column":39},"end":{"line":18,"column":3}},"line":9},"1":{"name":"(anonymous_1)","decl":{"start":{"line":21,"column":18},"end":{"line":21,"column":19}},"loc":{"start":{"line":21,"column":35},"end":{"line":47,"column":3}},"line":21},"2":{"name":"(anonymous_2)","decl":{"start":{"line":52,"column":14},"end":{"line":52,"column":15}},"loc":{"start":{"line":52,"column":31},"end":{"line":97,"column":1}},"line":52}},"branchMap":{"0":{"loc":{"start":{"line":60,"column":4},"end":{"line":85,"column":5}},"type":"if","locations":[{"start":{"line":60,"column":4},"end":{"line":85,"column":5}},{"start":{"line":83,"column":8},"end":{"line":85,"column":5}}],"line":60},"1":{"loc":{"start":{"line":62,"column":6},"end":{"line":78,"column":7}},"type":"if","locations":[{"start":{"line":62,"column":6},"end":{"line":78,"column":7}},{"start":{"line":76,"column":10},"end":{"line":78,"column":7}}],"line":62}},"s":{"0":1,"1":1,"2":1,"3":1,"4":1,"5":1,"6":1,"7":0,"8":0,"9":0,"10":0,"11":1,"12":0,"13":0,"14":0,"15":0,"16":0,"17":0,"18":0,"19":1,"20":1,"21":1,"22":1,"23":1,"24":0,"25":0,"26":0,"27":0,"28":0,"29":0,"30":0,"31":1,"32":0,"33":1},"f":{"0":0,"1":0,"2":1},"b":{"0":[0,1],"1":[0,0]},"_coverageSchema":"1a1c01bbd47fc00a2c39e90264f33305004495a9","hash":"7a6259dc1dbd79541fae69fffc584a897b249305"}
,"D:\\SCHOOL - Copy\\BACK-END-BOOTCAMP\\FINAL_PROJECT\\Afaazi-Server\\controllers\\vendorcontroller.js": {"path":"D:\\SCHOOL - Copy\\BACK-END-BOOTCAMP\\FINAL_PROJECT\\Afaazi-Server\\controllers\\vendorcontroller.js","statementMap":{"0":{"start":{"line":1,"column":25},"end":{"line":1,"column":50}},"1":{"start":{"line":2,"column":15},"end":{"line":2,"column":33}},"2":{"start":{"line":3,"column":24},"end":{"line":3,"column":52}},"3":{"start":{"line":4,"column":12},"end":{"line":4,"column":35}},"4":{"start":{"line":5,"column":0},"end":{"line":5,"column":25}},"5":{"start":{"line":6,"column":15},"end":{"line":6,"column":32}},"6":{"start":{"line":7,"column":18},"end":{"line":7,"column":36}},"7":{"start":{"line":9,"column":19},"end":{"line":22,"column":1}},"8":{"start":{"line":10,"column":2},"end":{"line":21,"column":3}},"9":{"start":{"line":11,"column":18},"end":{"line":15,"column":6}},"10":{"start":{"line":16,"column":4},"end":{"line":16,"column":22}},"11":{"start":{"line":18,"column":4},"end":{"line":20,"column":38}},"12":{"start":{"line":25,"column":17},"end":{"line":64,"column":1}},"13":{"start":{"line":26,"column":2},"end":{"line":63,"column":3}},"14":{"start":{"line":27,"column":72},"end":{"line":27,"column":80}},"15":{"start":{"line":28,"column":27},"end":{"line":28,"column":58}},"16":{"start":{"line":30,"column":30},"end":{"line":32,"column":6}},"17":{"start":{"line":35,"column":4},"end":{"line":37,"column":5}},"18":{"start":{"line":36,"column":6},"end":{"line":36,"column":94}},"19":{"start":{"line":40,"column":22},"end":{"line":53,"column":6}},"20":{"start":{"line":55,"column":4},"end":{"line":57,"column":71}},"21":{"start":{"line":59,"column":4},"end":{"line":59,"column":23}},"22":{"start":{"line":60,"column":4},"end":{"line":62,"column":68}},"23":{"start":{"line":68,"column":14},"end":{"line":107,"column":1}},"24":{"start":{"line":69,"column":2},"end":{"line":105,"column":3}},"25":{"start":{"line":70,"column":35},"end":{"line":70,"column":43}},"26":{"start":{"line":71,"column":17},"end":{"line":75,"column":6}},"27":{"start":{"line":77,"column":4},"end":{"line":100,"column":5}},"28":{"start":{"line":78,"column":28},"end":{"line":78,"column":75}},"29":{"start":{"line":79,"column":6},"end":{"line":95,"column":7}},"30":{"start":{"line":81,"column":28},"end":{"line":85,"column":9}},"31":{"start":{"line":87,"column":20},"end":{"line":87,"column":30}},"32":{"start":{"line":88,"column":8},"end":{"line":88,"column":88}},"33":{"start":{"line":89,"column":8},"end":{"line":89,"column":117}},"34":{"start":{"line":92,"column":8},"end":{"line":94,"column":45}},"35":{"start":{"line":97,"column":6},"end":{"line":99,"column":53}},"36":{"start":{"line":102,"column":4},"end":{"line":104,"column":38}},"37":{"start":{"line":110,"column":0},"end":{"line":114,"column":2}}},"fnMap":{"0":{"name":"(anonymous_0)","decl":{"start":{"line":9,"column":19},"end":{"line":9,"column":20}},"loc":{"start":{"line":9,"column":39},"end":{"line":22,"column":1}},"line":9},"1":{"name":"(anonymous_1)","decl":{"start":{"line":25,"column":17},"end":{"line":25,"column":18}},"loc":{"start":{"line":25,"column":37},"end":{"line":64,"column":1}},"line":25},"2":{"name":"(anonymous_2)","decl":{"start":{"line":68,"column":14},"end":{"line":68,"column":15}},"loc":{"start":{"line":68,"column":34},"end":{"line":107,"column":1}},"line":68}},"branchMap":{"0":{"loc":{"start":{"line":35,"column":4},"end":{"line":37,"column":5}},"type":"if","locations":[{"start":{"line":35,"column":4},"end":{"line":37,"column":5}},{"start":{},"end":{}}],"line":35},"1":{"loc":{"start":{"line":77,"column":4},"end":{"line":100,"column":5}},"type":"if","locations":[{"start":{"line":77,"column":4},"end":{"line":100,"column":5}},{"start":{"line":96,"column":11},"end":{"line":100,"column":5}}],"line":77},"2":{"loc":{"start":{"line":79,"column":6},"end":{"line":95,"column":7}},"type":"if","locations":[{"start":{"line":79,"column":6},"end":{"line":95,"column":7}},{"start":{"line":91,"column":13},"end":{"line":95,"column":7}}],"line":79}},"s":{"0":1,"1":1,"2":1,"3":1,"4":1,"5":1,"6":1,"7":1,"8":0,"9":0,"10":0,"11":0,"12":1,"13":0,"14":0,"15":0,"16":0,"17":0,"18":0,"19":0,"20":0,"21":0,"22":0,"23":1,"24":0,"25":0,"26":0,"27":0,"28":0,"29":0,"30":0,"31":0,"32":0,"33":0,"34":0,"35":0,"36":0,"37":1},"f":{"0":0,"1":0,"2":0},"b":{"0":[0,0],"1":[0,0],"2":[0,0]},"_coverageSchema":"1a1c01bbd47fc00a2c39e90264f33305004495a9","hash":"d5966fedba2a4fd8e658855b910f850abcf385c3"}
,"D:\\SCHOOL - Copy\\BACK-END-BOOTCAMP\\FINAL_PROJECT\\Afaazi-Server\\routes\\bookingsRoute.js": {"path":"D:\\SCHOOL - Copy\\BACK-END-BOOTCAMP\\FINAL_PROJECT\\Afaazi-Server\\routes\\bookingsRoute.js","statementMap":{"0":{"start":{"line":1,"column":16},"end":{"line":1,"column":34}},"1":{"start":{"line":3,"column":22},"end":{"line":3,"column":38}},"2":{"start":{"line":4,"column":113},"end":{"line":4,"column":156}},"3":{"start":{"line":5,"column":25},"end":{"line":5,"column":58}},"4":{"start":{"line":6,"column":26},"end":{"line":6,"column":57}},"5":{"start":{"line":7,"column":22},"end":{"line":7,"column":55}},"6":{"start":{"line":11,"column":0},"end":{"line":11,"column":35}},"7":{"start":{"line":12,"column":0},"end":{"line":12,"column":62}},"8":{"start":{"line":13,"column":0},"end":{"line":13,"column":46}},"9":{"start":{"line":14,"column":0},"end":{"line":14,"column":96}},"10":{"start":{"line":15,"column":0},"end":{"line":15,"column":75}},"11":{"start":{"line":16,"column":0},"end":{"line":16,"column":48}},"12":{"start":{"line":20,"column":0},"end":{"line":22,"column":1}}},"fnMap":{},"branchMap":{},"s":{"0":1,"1":1,"2":1,"3":1,"4":1,"5":1,"6":1,"7":1,"8":1,"9":1,"10":1,"11":1,"12":1},"f":{},"b":{},"_coverageSchema":"1a1c01bbd47fc00a2c39e90264f33305004495a9","hash":"d3dfc02094d105c36ac733d31185ba45ac92708a"}
,"D:\\SCHOOL - Copy\\BACK-END-BOOTCAMP\\FINAL_PROJECT\\Afaazi-Server\\routes\\categoryRoute.js": {"path":"D:\\SCHOOL - Copy\\BACK-END-BOOTCAMP\\FINAL_PROJECT\\Afaazi-Server\\routes\\categoryRoute.js","statementMap":{"0":{"start":{"line":1,"column":16},"end":{"line":1,"column":34}},"1":{"start":{"line":3,"column":22},"end":{"line":3,"column":38}},"2":{"start":{"line":4,"column":76},"end":{"line":4,"column":120}},"3":{"start":{"line":5,"column":27},"end":{"line":5,"column":58}},"4":{"start":{"line":6,"column":25},"end":{"line":6,"column":58}},"5":{"start":{"line":10,"column":0},"end":{"line":10,"column":37}},"6":{"start":{"line":11,"column":0},"end":{"line":12,"column":20}},"7":{"start":{"line":13,"column":0},"end":{"line":14,"column":24}},"8":{"start":{"line":15,"column":0},"end":{"line":15,"column":48}},"9":{"start":{"line":19,"column":0},"end":{"line":21,"column":1}}},"fnMap":{},"branchMap":{},"s":{"0":1,"1":1,"2":1,"3":1,"4":1,"5":1,"6":1,"7":1,"8":1,"9":1},"f":{},"b":{},"_coverageSchema":"1a1c01bbd47fc00a2c39e90264f33305004495a9","hash":"b573d490f3fc631b6f0e0cf902ceb4efd3316b26"}
,"D:\\SCHOOL - Copy\\BACK-END-BOOTCAMP\\FINAL_PROJECT\\Afaazi-Server\\routes\\couplesRoute.js": {"path":"D:\\SCHOOL - Copy\\BACK-END-BOOTCAMP\\FINAL_PROJECT\\Afaazi-Server\\routes\\couplesRoute.js","statementMap":{"0":{"start":{"line":1,"column":16},"end":{"line":1,"column":34}},"1":{"start":{"line":3,"column":21},"end":{"line":3,"column":37}},"2":{"start":{"line":4,"column":35},"end":{"line":4,"column":77}},"3":{"start":{"line":5,"column":25},"end":{"line":5,"column":56}},"4":{"start":{"line":6,"column":25},"end":{"line":6,"column":58}},"5":{"start":{"line":11,"column":0},"end":{"line":11,"column":33}},"6":{"start":{"line":12,"column":0},"end":{"line":12,"column":69}},"7":{"start":{"line":13,"column":0},"end":{"line":13,"column":34}},"8":{"start":{"line":16,"column":0},"end":{"line":18,"column":1}}},"fnMap":{},"branchMap":{},"s":{"0":1,"1":1,"2":1,"3":1,"4":1,"5":1,"6":1,"7":1,"8":1},"f":{},"b":{},"_coverageSchema":"1a1c01bbd47fc00a2c39e90264f33305004495a9","hash":"8f1d683bf25c5afb3fba032f455c40eca7e89957"}
,"D:\\SCHOOL - Copy\\BACK-END-BOOTCAMP\\FINAL_PROJECT\\Afaazi-Server\\routes\\vendorsRoute.js": {"path":"D:\\SCHOOL - Copy\\BACK-END-BOOTCAMP\\FINAL_PROJECT\\Afaazi-Server\\routes\\vendorsRoute.js","statementMap":{"0":{"start":{"line":1,"column":16},"end":{"line":1,"column":34}},"1":{"start":{"line":3,"column":21},"end":{"line":3,"column":37}},"2":{"start":{"line":4,"column":35},"end":{"line":4,"column":77}},"3":{"start":{"line":5,"column":25},"end":{"line":5,"column":58}},"4":{"start":{"line":6,"column":25},"end":{"line":6,"column":56}},"5":{"start":{"line":10,"column":0},"end":{"line":10,"column":33}},"6":{"start":{"line":11,"column":0},"end":{"line":11,"column":70}},"7":{"start":{"line":12,"column":0},"end":{"line":12,"column":34}},"8":{"start":{"line":15,"column":0},"end":{"line":17,"column":1}}},"fnMap":{},"branchMap":{},"s":{"0":1,"1":1,"2":1,"3":1,"4":1,"5":1,"6":1,"7":1,"8":1},"f":{},"b":{},"_coverageSchema":"1a1c01bbd47fc00a2c39e90264f33305004495a9","hash":"86c90b6b38102ee4104075dd99d59d43bec7abd7"}
}
