TN:
SF:server.js
FN:32,(anonymous_0)
FNF:1
FNH:0
FNDA:0,(anonymous_0)
DA:1,1
DA:2,1
DA:3,1
DA:4,1
DA:5,1
DA:6,1
DA:7,1
DA:8,1
DA:9,1
DA:11,1
DA:14,1
DA:15,1
DA:18,1
DA:24,1
DA:27,1
DA:28,1
DA:29,1
DA:30,1
DA:32,1
DA:33,0
DA:36,1
LF:21
LH:20
BRF:0
BRH:0
end_of_record
TN:
SF:Utils\dateUtils.js
FN:1,(anonymous_0)
FNF:1
FNH:0
FNDA:0,(anonymous_0)
DA:1,1
DA:2,0
DA:4,1
LF:3
LH:2
BRF:0
BRH:0
end_of_record
TN:
SF:Utils\joi-schemas
FNF:0
FNH:0
DA:1,1
DA:3,1
DA:12,1
DA:24,1
DA:30,1
DA:49,1
LF:6
LH:6
BRF:0
BRH:0
end_of_record
TN:
SF:Utils\joi-validator.js
FN:1,(anonymous_0)
FN:2,(anonymous_1)
FNF:2
FNH:2
FNDA:6,(anonymous_0)
FNDA:2,(anonymous_1)
DA:1,1
DA:2,6
DA:3,2
DA:4,2
DA:5,1
DA:9,1
DA:17,1
LF:7
LH:7
BRDA:4,0,0,1
BRDA:4,0,1,1
BRF:2
BRH:2
end_of_record
TN:
SF:Utils\slugUtils.js
FN:1,(anonymous_0)
FNF:1
FNH:0
FNDA:0,(anonymous_0)
DA:1,1
DA:2,0
DA:12,1
LF:3
LH:2
BRF:0
BRH:0
end_of_record
TN:
SF:Utils\validateToken.js
FN:5,(anonymous_0)
FN:11,(anonymous_1)
FNF:2
FNH:2
FNDA:1,(anonymous_0)
FNDA:1,(anonymous_1)
DA:1,1
DA:2,1
DA:3,1
DA:5,1
DA:7,1
DA:9,1
DA:10,1
DA:11,1
DA:12,1
DA:13,1
DA:17,0
DA:18,0
DA:26,0
DA:34,1
LF:14
LH:11
BRDA:9,0,0,1
BRDA:9,0,1,0
BRDA:12,1,0,1
BRDA:12,1,1,0
BRF:4
BRH:2
end_of_record
TN:
SF:controllers\bookingcontroller.js
FN:9,(anonymous_0)
FN:30,(anonymous_1)
FN:69,(anonymous_2)
FN:94,(anonymous_3)
FN:126,(anonymous_4)
FN:145,(anonymous_5)
FNF:6
FNH:1
FNDA:1,(anonymous_0)
FNDA:0,(anonymous_1)
FNDA:0,(anonymous_2)
FNDA:0,(anonymous_3)
FNDA:0,(anonymous_4)
FNDA:0,(anonymous_5)
DA:1,1
DA:2,1
DA:3,1
DA:4,1
DA:5,1
DA:9,1
DA:10,1
DA:11,1
DA:22,1
DA:24,0
DA:30,1
DA:31,0
DA:32,0
DA:33,0
DA:35,0
DA:41,0
DA:50,0
DA:55,0
DA:69,1
DA:70,0
DA:71,0
DA:72,0
DA:79,0
DA:83,0
DA:94,1
DA:95,0
DA:96,0
DA:97,0
DA:99,0
DA:100,0
DA:101,0
DA:103,0
DA:105,0
DA:115,0
DA:119,0
DA:120,0
DA:126,1
DA:127,0
DA:128,0
DA:134,0
DA:135,0
DA:137,0
DA:139,0
DA:145,1
DA:146,0
DA:147,0
DA:153,0
DA:154,0
DA:160,0
DA:166,0
DA:176,1
LF:51
LH:15
BRDA:58,0,0,0
BRDA:58,0,1,0
BRDA:100,1,0,0
BRDA:100,1,1,0
BRDA:134,2,0,0
BRDA:134,2,1,0
BRDA:153,3,0,0
BRDA:153,3,1,0
BRF:8
BRH:0
end_of_record
TN:
SF:controllers\categorycontroller.js
FN:8,(anonymous_0)
FN:26,(anonymous_1)
FN:61,(anonymous_2)
FN:81,(anonymous_3)
FNF:4
FNH:1
FNDA:1,(anonymous_0)
FNDA:0,(anonymous_1)
FNDA:0,(anonymous_2)
FNDA:0,(anonymous_3)
DA:1,1
DA:2,1
DA:3,1
DA:8,1
DA:9,1
DA:10,1
DA:17,1
DA:19,0
DA:26,1
DA:27,0
DA:28,0
DA:29,0
DA:35,0
DA:36,0
DA:41,0
DA:49,0
DA:53,0
DA:54,0
DA:61,1
DA:62,0
DA:63,0
DA:69,0
DA:70,0
DA:72,0
DA:74,0
DA:81,1
DA:82,0
DA:83,0
DA:89,0
DA:90,0
DA:96,0
DA:102,0
DA:110,1
LF:33
LH:11
BRDA:35,0,0,0
BRDA:35,0,1,0
BRDA:69,1,0,0
BRDA:69,1,1,0
BRDA:89,2,0,0
BRDA:89,2,1,0
BRF:6
BRH:0
end_of_record
TN:
SF:controllers\couplecontroller.js
FN:9,(anonymous_0)
FN:21,(anonymous_1)
FN:52,(anonymous_2)
FNF:3
FNH:1
FNDA:0,(anonymous_0)
FNDA:0,(anonymous_1)
FNDA:1,(anonymous_2)
DA:1,1
DA:2,1
DA:3,1
DA:4,1
DA:5,1
DA:6,1
DA:9,1
DA:10,0
DA:11,0
DA:12,0
DA:14,0
DA:21,1
DA:22,0
DA:23,0
DA:24,0
DA:26,0
DA:38,0
DA:42,0
DA:43,0
DA:52,1
DA:53,1
DA:54,1
DA:55,1
DA:60,1
DA:61,0
DA:62,0
DA:64,0
DA:71,0
DA:72,0
DA:73,0
DA:77,0
DA:84,1
DA:90,0
DA:100,1
LF:34
LH:15
BRDA:60,0,0,0
BRDA:60,0,1,1
BRDA:62,1,0,0
BRDA:62,1,1,0
BRF:4
BRH:1
end_of_record
TN:
SF:controllers\vendorcontroller.js
FN:9,(anonymous_0)
FN:25,(anonymous_1)
FN:68,(anonymous_2)
FNF:3
FNH:0
FNDA:0,(anonymous_0)
FNDA:0,(anonymous_1)
FNDA:0,(anonymous_2)
DA:1,1
DA:2,1
DA:3,1
DA:4,1
DA:5,1
DA:6,1
DA:7,1
DA:9,1
DA:10,0
DA:11,0
DA:16,0
DA:18,0
DA:25,1
DA:26,0
DA:27,0
DA:28,0
DA:30,0
DA:35,0
DA:36,0
DA:40,0
DA:55,0
DA:59,0
DA:60,0
DA:68,1
DA:69,0
DA:70,0
DA:71,0
DA:77,0
DA:78,0
DA:79,0
DA:81,0
DA:87,0
DA:88,0
DA:89,0
DA:92,0
DA:97,0
DA:102,0
DA:110,1
LF:38
LH:11
BRDA:35,0,0,0
BRDA:35,0,1,0
BRDA:77,1,0,0
BRDA:77,1,1,0
BRDA:79,2,0,0
BRDA:79,2,1,0
BRF:6
BRH:0
end_of_record
TN:
SF:routes\bookingsRoute.js
FNF:0
FNH:0
DA:1,1
DA:3,1
DA:4,1
DA:5,1
DA:6,1
DA:7,1
DA:11,1
DA:12,1
DA:13,1
DA:14,1
DA:15,1
DA:16,1
DA:20,1
LF:13
LH:13
BRF:0
BRH:0
end_of_record
TN:
SF:routes\categoryRoute.js
FNF:0
FNH:0
DA:1,1
DA:3,1
DA:4,1
DA:5,1
DA:6,1
DA:10,1
DA:11,1
DA:13,1
DA:15,1
DA:19,1
LF:10
LH:10
BRF:0
BRH:0
end_of_record
TN:
SF:routes\couplesRoute.js
FNF:0
FNH:0
DA:1,1
DA:3,1
DA:4,1
DA:5,1
DA:6,1
DA:11,1
DA:12,1
DA:13,1
DA:16,1
LF:9
LH:9
BRF:0
BRH:0
end_of_record
TN:
SF:routes\vendorsRoute.js
FNF:0
FNH:0
DA:1,1
DA:3,1
DA:4,1
DA:5,1
DA:6,1
DA:10,1
DA:11,1
DA:12,1
DA:15,1
LF:9
LH:9
BRF:0
BRH:0
end_of_record
